<?xml version="1.0" encoding="UTF-8"?>
<!-- Generated by org.testng.reporters.JUnitReportReporter -->
<testsuite hostname="Sarita-PC" failures="0" tests="9" name="TestRunner.HomePageTest" time="20.030" errors="0" timestamp="2022-12-14T23:02:11 IST" skipped="0">
  <testcase classname="TestRunner.HomePageTest" name="clickAll" time="4.609"/>
  <system-out/>
  <testcase classname="TestRunner.HomePageTest" name="clickOnElectronic" time="3.195"/>
  <system-out/>
  <testcase classname="TestRunner.HomePageTest" name="Televisions" time="2.296"/>
  <system-out/>
  <testcase classname="TestRunner.HomePageTest" name="scrollTillBrands" time="0.894"/>
  <system-out/>
  <testcase classname="TestRunner.HomePageTest" name="samsung" time="1.493"/>
  <system-out/>
  <testcase classname="TestRunner.HomePageTest" name="sort" time="0.865"/>
  <system-out/>
  <testcase classname="TestRunner.HomePageTest" name="highToLow" time="0.107"/>
  <system-out/>
  <testcase classname="TestRunner.HomePageTest" name="selectSecondItem" time="5.146"/>
  <system-out/>
  <testcase classname="TestRunner.HomePageTest" name="scrolldown" time="1.425"/>
  <system-out/>
</testsuite> <!-- TestRunner.HomePageTest -->
